c:\users\theo\documents\visual studio 2017\projects\mazecrawler\developmenta\debug\vc141.pdb
c:\users\theo\documents\visual studio 2017\projects\mazecrawler\developmenta\debug\vc141.idb
c:\users\theo\documents\visual studio 2017\projects\mazecrawler\developmenta\debug\chunk.obj
c:\users\theo\documents\visual studio 2017\projects\mazecrawler\developmenta\debug\object.obj
c:\users\theo\documents\visual studio 2017\projects\mazecrawler\developmenta\debug\model.obj
c:\users\theo\documents\visual studio 2017\projects\mazecrawler\developmenta\debug\mesh.obj
c:\users\theo\documents\visual studio 2017\projects\mazecrawler\developmenta\debug\camera.obj
c:\users\theo\documents\visual studio 2017\projects\mazecrawler\developmenta\debug\matrix4.obj
c:\users\theo\documents\visual studio 2017\projects\mazecrawler\developmenta\debug\vector4f.obj
c:\users\theo\documents\visual studio 2017\projects\mazecrawler\developmenta\debug\shader.obj
c:\users\theo\documents\visual studio 2017\projects\mazecrawler\developmenta\debug\application.obj
c:\users\theo\documents\visual studio 2017\projects\mazecrawler\developmenta\debug\vector3f.obj
c:\users\theo\documents\visual studio 2017\projects\mazecrawler\developmenta\debug\world.obj
c:\users\theo\documents\visual studio 2017\projects\mazecrawler\developmenta\debug\resourcemanager.obj
c:\users\theo\documents\visual studio 2017\projects\mazecrawler\debug\mazecrawler.exe
c:\users\theo\documents\visual studio 2017\projects\mazecrawler\debug\mazecrawler.ilk
c:\users\theo\documents\visual studio 2017\projects\mazecrawler\debug\mazecrawler.pdb
c:\users\theo\documents\visual studio 2017\projects\mazecrawler\developmenta\debug\application.obj.enc
c:\users\theo\documents\visual studio 2017\projects\mazecrawler\developmenta\debug\model.obj.enc
c:\users\theo\documents\visual studio 2017\projects\mazecrawler\developmenta\debug\mazecrawler.tlog\cl.command.1.tlog
c:\users\theo\documents\visual studio 2017\projects\mazecrawler\developmenta\debug\mazecrawler.tlog\cl.read.1.tlog
c:\users\theo\documents\visual studio 2017\projects\mazecrawler\developmenta\debug\mazecrawler.tlog\cl.write.1.tlog
c:\users\theo\documents\visual studio 2017\projects\mazecrawler\developmenta\debug\mazecrawler.tlog\link.command.1.tlog
c:\users\theo\documents\visual studio 2017\projects\mazecrawler\developmenta\debug\mazecrawler.tlog\link.read.1.tlog
c:\users\theo\documents\visual studio 2017\projects\mazecrawler\developmenta\debug\mazecrawler.tlog\link.write.1.tlog
