  AnimationSkeleton.cpp
src\AnimationSkeleton.cpp(170): warning C4244: '=': conversion from 'double' to 'float', possible loss of data
src\AnimationSkeleton.cpp(174): warning C4244: '=': conversion from 'double' to 'float', possible loss of data
src\AnimationSkeleton.cpp(178): warning C4244: '=': conversion from 'double' to 'float', possible loss of data
src\AnimationSkeleton.cpp(345): warning C4244: '=': conversion from 'double' to 'int', possible loss of data
src\AnimationSkeleton.cpp(348): warning C4244: '=': conversion from 'double' to 'int', possible loss of data
src\AnimationSkeleton.cpp(351): warning C4244: '=': conversion from 'double' to 'int', possible loss of data
src\AnimationSkeleton.cpp(375): warning C4244: '=': conversion from 'double' to 'float', possible loss of data
src\AnimationSkeleton.cpp(411): warning C4244: '=': conversion from 'double' to 'int', possible loss of data
src\AnimationSkeleton.cpp(414): warning C4244: '=': conversion from 'double' to 'int', possible loss of data
src\AnimationSkeleton.cpp(430): warning C4244: 'argument': conversion from 'double' to 'float', possible loss of data
src\AnimationSkeleton.cpp(440): warning C4244: 'argument': conversion from 'double' to 'unsigned int', possible loss of data
src\AnimationSkeleton.cpp(453): warning C4244: '=': conversion from 'double' to 'float', possible loss of data
src\AnimationSkeleton.cpp(455): warning C4244: '=': conversion from 'double' to 'float', possible loss of data
src\AnimationSkeleton.cpp(458): warning C4244: '=': conversion from 'double' to 'float', possible loss of data
src\AnimationSkeleton.cpp(461): warning C4244: '=': conversion from 'double' to 'float', possible loss of data
src\AnimationSkeleton.cpp(464): warning C4244: '=': conversion from 'double' to 'float', possible loss of data
src\AnimationSkeleton.cpp(483): warning C4244: '=': conversion from 'double' to 'float', possible loss of data
src\AnimationSkeleton.cpp(486): warning C4244: '=': conversion from 'double' to 'float', possible loss of data
  JointTransform.cpp
  KeyFrame.cpp
  Animation.cpp
  AnimatedMesh.cpp
  Animator.cpp
  AnimatedModel.cpp
src\AnimatedModel.cpp(85): warning C4018: '<': signed/unsigned mismatch
  Joint.cpp
  Scene.cpp
  PointLight.cpp
  ResourceManager.cpp
src\ResourceManager.cpp(162): warning C4244: 'argument': conversion from 'float' to 'int', possible loss of data
src\ResourceManager.cpp(167): warning C4244: 'initializing': conversion from 'float' to 'int', possible loss of data
src\ResourceManager.cpp(176): warning C4244: 'initializing': conversion from 'float' to 'int', possible loss of data
src\ResourceManager.cpp(196): warning C4244: '=': conversion from 'double' to 'float', possible loss of data
src\ResourceManager.cpp(197): warning C4244: '=': conversion from 'double' to 'float', possible loss of data
src\ResourceManager.cpp(220): warning C4244: 'argument': conversion from 'float' to 'int', possible loss of data
  Chunk.cpp
  Object.cpp
  Model.cpp
src\Model.cpp(66): warning C4244: '=': conversion from 'double' to 'float', possible loss of data
src\Model.cpp(69): warning C4244: '=': conversion from 'double' to 'float', possible loss of data
src\Model.cpp(72): warning C4244: '=': conversion from 'double' to 'float', possible loss of data
src\Model.cpp(89): warning C4244: '=': conversion from 'double' to 'float', possible loss of data
src\Model.cpp(92): warning C4244: '=': conversion from 'double' to 'float', possible loss of data
src\Model.cpp(95): warning C4244: '=': conversion from 'double' to 'float', possible loss of data
src\Model.cpp(112): warning C4244: 'initializing': conversion from 'double' to 'float', possible loss of data
src\Model.cpp(142): warning C4244: '=': conversion from 'unsigned int' to 'float', possible loss of data
src\Model.cpp(147): warning C4244: '=': conversion from 'unsigned int' to 'float', possible loss of data
src\Model.cpp(151): warning C4244: '=': conversion from 'unsigned int' to 'float', possible loss of data
  Mesh.cpp
src\Mesh.cpp(20): warning C4244: 'argument': conversion from 'float' to 'const unsigned int', possible loss of data
src\Mesh.cpp(25): warning C4244: 'argument': conversion from 'float' to 'const unsigned int', possible loss of data
src\Mesh.cpp(27): warning C4244: 'argument': conversion from 'float' to 'const unsigned int', possible loss of data
  Camera.cpp
src\Camera.cpp(29): warning C4244: 'argument': conversion from 'float' to 'int', possible loss of data
src\Camera.cpp(40): warning C4244: 'argument': conversion from 'float' to 'int', possible loss of data
src\Camera.cpp(69): warning C4244: '=': conversion from 'double' to 'float', possible loss of data
src\Camera.cpp(70): warning C4244: '=': conversion from 'double' to 'float', possible loss of data
src\Camera.cpp(122): warning C4244: 'argument': conversion from 'float' to 'int', possible loss of data
src\Camera.cpp(140): warning C4244: 'argument': conversion from 'float' to 'int', possible loss of data
src\Camera.cpp(174): warning C4244: '*=': conversion from 'float' to 'int', possible loss of data
src\Camera.cpp(175): warning C4244: '*=': conversion from 'float' to 'int', possible loss of data
  Matrix4.cpp
src\maths\Matrix4.cpp(100): warning C4244: 'initializing': conversion from 'double' to 'float', possible loss of data
src\maths\Matrix4.cpp(102): warning C4244: '*=': conversion from 'double' to 'float', possible loss of data
src\maths\Matrix4.cpp(103): warning C4244: '*=': conversion from 'double' to 'float', possible loss of data
src\maths\Matrix4.cpp(104): warning C4244: '*=': conversion from 'double' to 'float', possible loss of data
src\maths\Matrix4.cpp(105): warning C4244: '*=': conversion from 'double' to 'float', possible loss of data
src\maths\Matrix4.cpp(108): warning C4244: '*=': conversion from 'double' to 'float', possible loss of data
src\maths\Matrix4.cpp(109): warning C4244: '*=': conversion from 'double' to 'float', possible loss of data
src\maths\Matrix4.cpp(110): warning C4244: '*=': conversion from 'double' to 'float', possible loss of data
src\maths\Matrix4.cpp(111): warning C4244: '*=': conversion from 'double' to 'float', possible loss of data
src\maths\Matrix4.cpp(114): warning C4244: '*=': conversion from 'double' to 'float', possible loss of data
src\maths\Matrix4.cpp(115): warning C4244: '*=': conversion from 'double' to 'float', possible loss of data
src\maths\Matrix4.cpp(116): warning C4244: '*=': conversion from 'double' to 'float', possible loss of data
src\maths\Matrix4.cpp(117): warning C4244: '*=': conversion from 'double' to 'float', possible loss of data
  Vector4f.cpp
src\maths\Vector4f.cpp(58): warning C4244: 'initializing': conversion from 'double' to 'float', possible loss of data
src\maths\Vector4f.cpp(59): warning C4244: 'initializing': conversion from 'double' to 'float', possible loss of data
  Shader.cpp
src\Shader.cpp(81): warning C4244: 'argument': conversion from 'int' to 'GLfloat', possible loss of data
  Application.cpp
src\Application.cpp(52): warning C4244: 'argument': conversion from 'float' to 'int', possible loss of data
src\Application.cpp(61): warning C4244: 'argument': conversion from 'float' to 'GLsizei', possible loss of data
src\Application.cpp(117): warning C4244: 'initializing': conversion from 'double' to 'float', possible loss of data
src\Application.cpp(159): warning C4244: 'initializing': conversion from 'double' to 'float', possible loss of data
src\Application.cpp(166): warning C4244: 'argument': conversion from 'float' to 'int', possible loss of data
src\Application.cpp(196): warning C4244: 'initializing': conversion from 'double' to 'float', possible loss of data
src\Application.cpp(197): warning C4244: 'initializing': conversion from 'double' to 'float', possible loss of data
src\Application.cpp(328): warning C4018: '<': signed/unsigned mismatch
src\Application.cpp(361): warning C4244: 'argument': conversion from 'float' to 'int', possible loss of data
src\Application.cpp(379): warning C4244: 'argument': conversion from 'float' to 'int', possible loss of data
src\Application.cpp(423): warning C4244: 'initializing': conversion from 'double' to 'float', possible loss of data
src\Application.cpp(424): warning C4244: 'initializing': conversion from 'double' to 'float', possible loss of data
src\Application.cpp(425): warning C4244: '=': conversion from 'double' to 'float', possible loss of data
src\Application.cpp(426): warning C4244: '=': conversion from 'double' to 'float', possible loss of data
src\Application.cpp(428): warning C4244: 'argument': conversion from 'float' to 'int', possible loss of data
  Compiling...
  Vector3f.cpp
src\maths\Vector3f.cpp(58): warning C4244: 'initializing': conversion from 'double' to 'float', possible loss of data
src\maths\Vector3f.cpp(59): warning C4244: 'initializing': conversion from 'double' to 'float', possible loss of data
  World.cpp
LINK : warning LNK4098: defaultlib 'LIBCMT' conflicts with use of other libs; use /NODEFAULTLIB:library
  Generating code
c:\users\theo\documents\visual studio 2017\projects\gameengine - v1.0\developmenta\src\scene.cpp(31): warning C4715: 'Scene::getPointLight': not all control paths return a value
  All 3357 functions were compiled because no usable IPDB/IOBJ from previous compilation was found.
  Finished generating code
glew32s.lib(glew.obj) : warning LNK4099: PDB 'vc120.pdb' was not found with 'glew32s.lib(glew.obj)' or at 'C:\Users\theo\Documents\Visual Studio 2017\Projects\GameEngine - V1.0\Release\vc120.pdb'; linking object as if no debug info
  DevelopmentA.vcxproj -> C:\Users\theo\Documents\Visual Studio 2017\Projects\GameEngine - V1.0\Release\GameEngine.exe
